<?xml version="1.0" encoding="UTF-8"?>
<!-- Generated by org.testng.reporters.JUnitReportReporter -->
<testsuite hostname="LAPTOP-DROM4PF7" failures="0" tests="4" name="testscript.LoginTest" time="18.759" errors="0" timestamp="2025-02-11T07:48:30 IST" skipped="0">
  <testcase classname="testscript.LoginTest" name="verifyUserLoginWithWrongUsernameandValidPassword" time="4.119"/>
  <testcase classname="testscript.LoginTest" name="verifyUserLoginWithValidUsernameandInvalidPassword" time="5.388"/>
  <testcase classname="testscript.LoginTest" name="verifyUserLoginWithInvalidUsernameandInvalidPassword" time="4.116"/>
  <testcase classname="testscript.LoginTest" name="verifyUerLoginWithValidUsernameandPassword" time="5.136"/>
</testsuite> <!-- testscript.LoginTest -->
