<?xml version="1.0" encoding="UTF-8"?>
<!-- Generated by org.testng.reporters.JUnitReportReporter -->
<testsuite hostname="LAPTOP-DROM4PF7" failures="0" tests="3" name="testscript.AdminUserTest" time="11.770" errors="0" timestamp="2025-02-11T08:53:44 IST" skipped="0">
  <testcase classname="testscript.AdminUserTest" name="verifySearchAdminUser" time="4.571"/>
  <testcase classname="testscript.AdminUserTest" name="verifyWhetherExistingUsernameCanBeCreated" time="3.622"/>
  <testcase classname="testscript.AdminUserTest" name="verifyWhetherNewAdminUserIsCreated" time="3.577"/>
</testsuite> <!-- testscript.AdminUserTest -->
