<?xml version="1.0" encoding="UTF-8"?>
<!-- Generated by org.testng.reporters.JUnitReportReporter -->
<testsuite hostname="LAPTOP-DROM4PF7" failures="0" tests="1" name="testscript.AddSubcategoryTest" time="11.898" errors="0" timestamp="2025-02-13T14:50:21 IST" skipped="0">
  <testcase classname="testscript.AddSubcategoryTest" name="verifySubcategoryCreation" time="11.898"/>
</testsuite> <!-- testscript.AddSubcategoryTest -->
