<?xml version="1.0" encoding="UTF-8"?>
<!-- Generated by org.testng.reporters.JUnitReportReporter -->
<testsuite hostname="LAPTOP-DROM4PF7" failures="0" tests="1" name="testscript.MenuManagementTest" time="9.342" errors="0" timestamp="2025-02-20T05:11:35 IST" skipped="0">
  <testcase classname="testscript.MenuManagementTest" name="verifynewMenuManagementInformation" time="9.342"/>
</testsuite> <!-- testscript.MenuManagementTest -->
