<?xml version="1.0" encoding="UTF-8"?>
<!-- Generated by org.testng.reporters.JUnitReportReporter -->
<testsuite hostname="LAPTOP-DROM4PF7" failures="0" tests="1" name="testscript.ManageNewsTest" time="6.149" errors="0" timestamp="2025-02-13T05:49:49 IST" skipped="0">
  <testcase classname="testscript.ManageNewsTest" name="verifyEnterNewsInformation" time="6.149"/>
</testsuite> <!-- testscript.ManageNewsTest -->
