<?xml version="1.0" encoding="UTF-8"?>
<!-- Generated by org.testng.reporters.JUnitReportReporter -->
<testsuite hostname="LAPTOP-DROM4PF7" failures="0" tests="3" name="testscript.AdminUserTest" time="21.909" errors="0" timestamp="2025-02-20T04:47:43 IST" skipped="0">
  <testcase classname="testscript.AdminUserTest" name="verifyWhetherExistingUsernameCanBeCreated" time="6.671"/>
  <testcase classname="testscript.AdminUserTest" name="verifyWhetherNewAdminUserIsCreated" time="7.922"/>
  <testcase classname="testscript.AdminUserTest" name="verifySearchAdminUser" time="7.316"/>
</testsuite> <!-- testscript.AdminUserTest -->
