<?xml version="1.0" encoding="UTF-8"?>
<!-- Generated by org.testng.reporters.JUnitReportReporter -->
<testsuite hostname="LAPTOP-DROM4PF7" failures="0" tests="4" name="testscript.LoginTest" time="14.547" errors="0" timestamp="2025-02-04T15:38:01 IST" skipped="0">
  <testcase classname="testscript.LoginTest" name="verifyWrongUsernameandValidPassword" time="3.049"/>
  <testcase classname="testscript.LoginTest" name="verifyInvalidUsernameandInvalidPassword" time="4.350"/>
  <testcase classname="testscript.LoginTest" name="verifyValidUsernameandInvalidPassword" time="3.284"/>
  <testcase classname="testscript.LoginTest" name="verifyValidUsernameandPassword" time="3.864"/>
</testsuite> <!-- testscript.LoginTest -->
