<?xml version="1.0" encoding="UTF-8"?>
<!-- Generated by org.testng.reporters.JUnitReportReporter -->
<testsuite hostname="LAPTOP-DROM4PF7" failures="0" tests="3" name="testscript.AdminUserTest" time="13.284" errors="0" timestamp="2025-02-13T05:12:42 IST" skipped="0">
  <testcase classname="testscript.AdminUserTest" name="verifySearchAdminUser" time="4.811"/>
  <testcase classname="testscript.AdminUserTest" name="verifyWhetherNewAdminUserIsCreated" time="4.568"/>
  <testcase classname="testscript.AdminUserTest" name="verifyWhetherExistingUsernameCanBeCreated" time="3.905"/>
</testsuite> <!-- testscript.AdminUserTest -->
