<?xml version="1.0" encoding="UTF-8"?>
<!-- Generated by org.testng.reporters.JUnitReportReporter -->
<testsuite hostname="LAPTOP-DROM4PF7" failures="0" tests="1" name="testscript.ChangePasswordTest" time="8.703" errors="0" timestamp="2025-02-20T05:07:42 IST" skipped="0">
  <testcase classname="testscript.ChangePasswordTest" name="verifyChangePasswordField" time="8.703"/>
</testsuite> <!-- testscript.ChangePasswordTest -->
