<?xml version="1.0" encoding="UTF-8"?>
<!-- Generated by org.testng.reporters.JUnitReportReporter -->
<testsuite hostname="LAPTOP-DROM4PF7" failures="0" tests="2" name="sevenrmartsupermarket.Login" time="14.500" errors="0" timestamp="2025-02-01T21:24:33 IST" skipped="0">
  <testcase classname="sevenrmartsupermarket.Login" name="verifyValidUsernameandWrongPassword" time="2.693"/>
  <testcase classname="sevenrmartsupermarket.Login" name="verifyValidUsernameandPassword" time="11.807"/>
</testsuite> <!-- sevenrmartsupermarket.Login -->
