<?xml version="1.0" encoding="UTF-8"?>
<!-- Generated by org.testng.reporters.JUnitReportReporter -->
<testsuite hostname="LAPTOP-DROM4PF7" failures="0" tests="1" name="testscript.AddSubcategoryTest" time="10.890" errors="0" timestamp="2025-02-20T04:56:57 IST" skipped="0">
  <testcase classname="testscript.AddSubcategoryTest" name="verifySubcategoryCreation" time="10.890"/>
</testsuite> <!-- testscript.AddSubcategoryTest -->
