<?xml version="1.0" encoding="UTF-8"?>
<!-- Generated by org.testng.reporters.JUnitReportReporter -->
<testsuite hostname="LAPTOP-DROM4PF7" failures="0" tests="4" name="testscript.LoginTest" time="21.454" errors="0" timestamp="2025-02-12T08:13:07 IST" skipped="0">
  <testcase classname="testscript.LoginTest" name="verifyUserLoginWithValidUsernameandInvalidPassword" time="5.958"/>
  <testcase classname="testscript.LoginTest" name="verifyUserLoginWithInvalidUsernameandInvalidPassword" time="4.496"/>
  <testcase classname="testscript.LoginTest" name="verifyUerLoginWithValidUsernameandPassword" time="6.300"/>
  <testcase classname="testscript.LoginTest" name="verifyUserLoginWithWrongUsernameandValidPassword" time="4.700"/>
</testsuite> <!-- testscript.LoginTest -->
