<?xml version="1.0" encoding="UTF-8"?>
<!-- Generated by org.testng.reporters.JUnitReportReporter -->
<testsuite hostname="LAPTOP-DROM4PF7" failures="0" tests="6" name="testscript.LoginTest" time="29.324" errors="0" timestamp="2025-02-20T04:42:34 IST" skipped="0">
  <testcase classname="testscript.LoginTest" name="verifyUserLoginWithInvalidUsernameandInvalidPassword" time="6.048"/>
  <testcase classname="testscript.LoginTest" name="verifyUserLoginWithInvalidUsernameandInvalidPassword" time="4.255"/>
  <testcase classname="testscript.LoginTest" name="verifyUserLoginWithInvalidUsernameandInvalidPassword" time="4.412"/>
  <testcase classname="testscript.LoginTest" name="verifyUserLoginWithWrongUsernameandValidPassword" time="4.323"/>
  <testcase classname="testscript.LoginTest" name="verifyUerLoginWithValidUsernameandPassword" time="6.240"/>
  <testcase classname="testscript.LoginTest" name="verifyUserLoginWithValidUsernameandInvalidPassword" time="4.046"/>
</testsuite> <!-- testscript.LoginTest -->
