<?xml version="1.0" encoding="UTF-8"?>
<!-- Generated by org.testng.reporters.JUnitReportReporter -->
<testsuite hostname="LAPTOP-DROM4PF7" failures="0" tests="1" name="testscript.ManageNewsTest" time="8.183" errors="0" timestamp="2025-02-20T05:10:43 IST" skipped="0">
  <testcase classname="testscript.ManageNewsTest" name="verifyEnterNewsInformation" time="8.183"/>
</testsuite> <!-- testscript.ManageNewsTest -->
