<?xml version="1.0" encoding="UTF-8"?>
<!-- Generated by org.testng.reporters.JUnitReportReporter -->
<testsuite hostname="LAPTOP-DROM4PF7" failures="0" tests="1" name="Login" time="6.537" errors="0" timestamp="2025-02-01T18:01:13 IST" skipped="0">
  <testcase classname="Login" name="verifyValidUsernameandPassword" time="6.537"/>
</testsuite> <!-- Login -->
