<?xml version="1.0" encoding="UTF-8"?>
<!-- Generated by org.testng.reporters.JUnitReportReporter -->
<testsuite hostname="LAPTOP-DROM4PF7" failures="0" tests="4" name="testscript.Login" time="15.053" errors="0" timestamp="2025-02-04T05:51:02 IST" skipped="0">
  <testcase classname="testscript.Login" name="verifyValidUsernameandWrongPassword" time="2.896"/>
  <testcase classname="testscript.Login" name="verifyWrongUsernameandWrongPassword" time="3.829"/>
  <testcase classname="testscript.Login" name="verifyWrongUsernameandValidPassword" time="3.532"/>
  <testcase classname="testscript.Login" name="verifyValidUsernameandPassword" time="4.796"/>
</testsuite> <!-- testscript.Login -->
