<?xml version="1.0" encoding="UTF-8"?>
<!-- Generated by org.testng.reporters.JUnitReportReporter -->
<testsuite hostname="LAPTOP-DROM4PF7" failures="0" tests="1" name="testscript.ManageContactTest" time="5.910" errors="0" timestamp="2025-02-13T06:27:27 IST" skipped="0">
  <testcase classname="testscript.ManageContactTest" name="verifyContactDetailUpdate" time="5.910"/>
</testsuite> <!-- testscript.ManageContactTest -->
