<?xml version="1.0" encoding="UTF-8"?>
<!-- Generated by org.testng.reporters.JUnitReportReporter -->
<testsuite hostname="LAPTOP-DROM4PF7" failures="0" tests="6" name="testscript.LoginTest" time="33.893" errors="0" timestamp="2025-02-19T02:30:29 IST" skipped="0">
  <testcase classname="testscript.LoginTest" name="verifyUserLoginWithInvalidUsernameandInvalidPassword" time="7.037"/>
  <testcase classname="testscript.LoginTest" name="verifyUerLoginWithValidUsernameandPassword" time="7.000"/>
  <testcase classname="testscript.LoginTest" name="verifyUserLoginWithValidUsernameandInvalidPassword" time="5.469"/>
  <testcase classname="testscript.LoginTest" name="verifyUserLoginWithWrongUsernameandValidPassword" time="4.827"/>
  <testcase classname="testscript.LoginTest" name="verifyUserLoginWithInvalidUsernameandInvalidPassword" time="4.874"/>
  <testcase classname="testscript.LoginTest" name="verifyUserLoginWithInvalidUsernameandInvalidPassword" time="4.686"/>
</testsuite> <!-- testscript.LoginTest -->
