<?xml version="1.0" encoding="UTF-8"?>
<!-- Generated by org.testng.reporters.JUnitReportReporter -->
<testsuite hostname="LAPTOP-DROM4PF7" failures="0" tests="1" name="testscript.FooterTextTest" time="4.469" errors="0" timestamp="2025-02-13T16:33:30 IST" skipped="0">
  <testcase classname="testscript.FooterTextTest" name="verifyfooterTextUpdation" time="4.469"/>
</testsuite> <!-- testscript.FooterTextTest -->
