<?xml version="1.0" encoding="UTF-8"?>
<!-- Generated by org.testng.reporters.JUnitReportReporter -->
<testsuite hostname="LAPTOP-DROM4PF7" failures="0" tests="1" name="testscript.AddSubcategoryTest" time="4.314" errors="0" timestamp="2025-02-11T11:28:42 IST" skipped="0">
  <testcase classname="testscript.AddSubcategoryTest" name="verifySubcategoryCreation" time="4.314"/>
</testsuite> <!-- testscript.AddSubcategoryTest -->
